<?xml version="1.0" encoding="UTF-8"?>
<testsuite xmlns:xsi="http://www.w3.org/2001/XMLSchema-instance" xsi:noNamespaceSchemaLocation="https://maven.apache.org/surefire/maven-surefire-plugin/xsd/surefire-test-report.xsd" name="com.ab.ApplicationTest" time="2.727" tests="1" errors="0" skipped="0" failures="0">
  <properties>
    <property name="sun.desktop" value="windows"/>
    <property name="awt.toolkit" value="sun.awt.windows.WToolkit"/>
    <property name="file.encoding.pkg" value="sun.io"/>
    <property name="java.specification.version" value="1.8"/>
    <property name="sun.cpu.isalist" value="amd64"/>
    <property name="sun.jnu.encoding" value="GBK"/>
    <property name="java.class.path" value="D:\Workspaces\geekbang\JAVA-000\Week_05\demo\target\test-classes;D:\Workspaces\geekbang\JAVA-000\Week_05\demo\target\classes;D:\MavenRepository\org\springframework\boot\spring-boot-starter\2.0.9.RELEASE\spring-boot-starter-2.0.9.RELEASE.jar;D:\MavenRepository\org\springframework\boot\spring-boot\2.0.9.RELEASE\spring-boot-2.0.9.RELEASE.jar;D:\MavenRepository\org\springframework\spring-context\5.0.13.RELEASE\spring-context-5.0.13.RELEASE.jar;D:\MavenRepository\org\springframework\boot\spring-boot-autoconfigure\2.0.9.RELEASE\spring-boot-autoconfigure-2.0.9.RELEASE.jar;D:\MavenRepository\org\springframework\boot\spring-boot-starter-logging\2.0.9.RELEASE\spring-boot-starter-logging-2.0.9.RELEASE.jar;D:\MavenRepository\ch\qos\logback\logback-classic\1.2.3\logback-classic-1.2.3.jar;D:\MavenRepository\ch\qos\logback\logback-core\1.2.3\logback-core-1.2.3.jar;D:\MavenRepository\org\apache\logging\log4j\log4j-to-slf4j\2.10.0\log4j-to-slf4j-2.10.0.jar;D:\MavenRepository\org\apache\logging\log4j\log4j-api\2.10.0\log4j-api-2.10.0.jar;D:\MavenRepository\org\slf4j\jul-to-slf4j\1.7.26\jul-to-slf4j-1.7.26.jar;D:\MavenRepository\javax\annotation\javax.annotation-api\1.3.2\javax.annotation-api-1.3.2.jar;D:\MavenRepository\org\springframework\spring-core\5.0.13.RELEASE\spring-core-5.0.13.RELEASE.jar;D:\MavenRepository\org\springframework\spring-jcl\5.0.13.RELEASE\spring-jcl-5.0.13.RELEASE.jar;D:\MavenRepository\org\yaml\snakeyaml\1.19\snakeyaml-1.19.jar;D:\MavenRepository\org\springframework\boot\spring-boot-starter-web\2.0.9.RELEASE\spring-boot-starter-web-2.0.9.RELEASE.jar;D:\MavenRepository\org\springframework\boot\spring-boot-starter-json\2.0.9.RELEASE\spring-boot-starter-json-2.0.9.RELEASE.jar;D:\MavenRepository\com\fasterxml\jackson\core\jackson-databind\2.9.8\jackson-databind-2.9.8.jar;D:\MavenRepository\com\fasterxml\jackson\core\jackson-annotations\2.9.0\jackson-annotations-2.9.0.jar;D:\MavenRepository\com\fasterxml\jackson\core\jackson-core\2.9.8\jackson-core-2.9.8.jar;D:\MavenRepository\com\fasterxml\jackson\datatype\jackson-datatype-jdk8\2.9.8\jackson-datatype-jdk8-2.9.8.jar;D:\MavenRepository\com\fasterxml\jackson\datatype\jackson-datatype-jsr310\2.9.8\jackson-datatype-jsr310-2.9.8.jar;D:\MavenRepository\com\fasterxml\jackson\module\jackson-module-parameter-names\2.9.8\jackson-module-parameter-names-2.9.8.jar;D:\MavenRepository\org\springframework\boot\spring-boot-starter-tomcat\2.0.9.RELEASE\spring-boot-starter-tomcat-2.0.9.RELEASE.jar;D:\MavenRepository\org\apache\tomcat\embed\tomcat-embed-core\8.5.39\tomcat-embed-core-8.5.39.jar;D:\MavenRepository\org\apache\tomcat\embed\tomcat-embed-el\8.5.39\tomcat-embed-el-8.5.39.jar;D:\MavenRepository\org\apache\tomcat\embed\tomcat-embed-websocket\8.5.39\tomcat-embed-websocket-8.5.39.jar;D:\MavenRepository\org\hibernate\validator\hibernate-validator\6.0.16.Final\hibernate-validator-6.0.16.Final.jar;D:\MavenRepository\javax\validation\validation-api\2.0.1.Final\validation-api-2.0.1.Final.jar;D:\MavenRepository\org\jboss\logging\jboss-logging\3.3.2.Final\jboss-logging-3.3.2.Final.jar;D:\MavenRepository\com\fasterxml\classmate\1.3.4\classmate-1.3.4.jar;D:\MavenRepository\org\springframework\spring-web\5.0.13.RELEASE\spring-web-5.0.13.RELEASE.jar;D:\MavenRepository\org\springframework\spring-beans\5.0.13.RELEASE\spring-beans-5.0.13.RELEASE.jar;D:\MavenRepository\org\springframework\spring-webmvc\5.0.13.RELEASE\spring-webmvc-5.0.13.RELEASE.jar;D:\MavenRepository\org\springframework\spring-aop\5.0.13.RELEASE\spring-aop-5.0.13.RELEASE.jar;D:\MavenRepository\org\springframework\spring-expression\5.0.13.RELEASE\spring-expression-5.0.13.RELEASE.jar;D:\MavenRepository\org\springframework\boot\spring-boot-starter-test\2.0.9.RELEASE\spring-boot-starter-test-2.0.9.RELEASE.jar;D:\MavenRepository\org\springframework\boot\spring-boot-test\2.0.9.RELEASE\spring-boot-test-2.0.9.RELEASE.jar;D:\MavenRepository\org\springframework\boot\spring-boot-test-autoconfigure\2.0.9.RELEASE\spring-boot-test-autoconfigure-2.0.9.RELEASE.jar;D:\MavenRepository\com\jayway\jsonpath\json-path\2.4.0\json-path-2.4.0.jar;D:\MavenRepository\net\minidev\json-smart\2.3\json-smart-2.3.jar;D:\MavenRepository\net\minidev\accessors-smart\1.2\accessors-smart-1.2.jar;D:\MavenRepository\org\ow2\asm\asm\5.0.4\asm-5.0.4.jar;D:\MavenRepository\org\slf4j\slf4j-api\1.7.26\slf4j-api-1.7.26.jar;D:\MavenRepository\junit\junit\4.12\junit-4.12.jar;D:\MavenRepository\org\assertj\assertj-core\3.9.1\assertj-core-3.9.1.jar;D:\MavenRepository\org\mockito\mockito-core\2.15.0\mockito-core-2.15.0.jar;D:\MavenRepository\net\bytebuddy\byte-buddy\1.7.11\byte-buddy-1.7.11.jar;D:\MavenRepository\net\bytebuddy\byte-buddy-agent\1.7.11\byte-buddy-agent-1.7.11.jar;D:\MavenRepository\org\objenesis\objenesis\2.6\objenesis-2.6.jar;D:\MavenRepository\org\hamcrest\hamcrest-core\1.3\hamcrest-core-1.3.jar;D:\MavenRepository\org\hamcrest\hamcrest-library\1.3\hamcrest-library-1.3.jar;D:\MavenRepository\org\skyscreamer\jsonassert\1.5.0\jsonassert-1.5.0.jar;D:\MavenRepository\com\vaadin\external\google\android-json\0.0.20131108.vaadin1\android-json-0.0.20131108.vaadin1.jar;D:\MavenRepository\org\springframework\spring-test\5.0.13.RELEASE\spring-test-5.0.13.RELEASE.jar;D:\MavenRepository\org\xmlunit\xmlunit-core\2.5.1\xmlunit-core-2.5.1.jar;D:\MavenRepository\org\projectlombok\lombok\1.18.12\lombok-1.18.12.jar;D:\MavenRepository\org\springframework\boot\spring-boot-autoconfigure-processor\2.0.9.RELEASE\spring-boot-autoconfigure-processor-2.0.9.RELEASE.jar;"/>
    <property name="java.vm.vendor" value="Oracle Corporation"/>
    <property name="sun.arch.data.model" value="64"/>
    <property name="user.variant" value=""/>
    <property name="java.vendor.url" value="http://java.oracle.com/"/>
    <property name="user.timezone" value=""/>
    <property name="java.vm.specification.version" value="1.8"/>
    <property name="os.name" value="Windows 10"/>
    <property name="user.country" value="CN"/>
    <property name="sun.java.launcher" value="SUN_STANDARD"/>
    <property name="sun.boot.library.path" value="C:\Program Files\Java\jdk1.8.0_101\jre\bin"/>
    <property name="sun.java.command" value="C:\Users\root\AppData\Local\Temp\surefire7635919336742590640\surefirebooter1591974262161787374.jar C:\Users\root\AppData\Local\Temp\surefire7635919336742590640 2020-11-17T22-52-14_137-jvmRun1 surefire3353841676220311681tmp surefire_04999156140737919320tmp"/>
    <property name="surefire.test.class.path" value="D:\Workspaces\geekbang\JAVA-000\Week_05\demo\target\test-classes;D:\Workspaces\geekbang\JAVA-000\Week_05\demo\target\classes;D:\MavenRepository\org\springframework\boot\spring-boot-starter\2.0.9.RELEASE\spring-boot-starter-2.0.9.RELEASE.jar;D:\MavenRepository\org\springframework\boot\spring-boot\2.0.9.RELEASE\spring-boot-2.0.9.RELEASE.jar;D:\MavenRepository\org\springframework\spring-context\5.0.13.RELEASE\spring-context-5.0.13.RELEASE.jar;D:\MavenRepository\org\springframework\boot\spring-boot-autoconfigure\2.0.9.RELEASE\spring-boot-autoconfigure-2.0.9.RELEASE.jar;D:\MavenRepository\org\springframework\boot\spring-boot-starter-logging\2.0.9.RELEASE\spring-boot-starter-logging-2.0.9.RELEASE.jar;D:\MavenRepository\ch\qos\logback\logback-classic\1.2.3\logback-classic-1.2.3.jar;D:\MavenRepository\ch\qos\logback\logback-core\1.2.3\logback-core-1.2.3.jar;D:\MavenRepository\org\apache\logging\log4j\log4j-to-slf4j\2.10.0\log4j-to-slf4j-2.10.0.jar;D:\MavenRepository\org\apache\logging\log4j\log4j-api\2.10.0\log4j-api-2.10.0.jar;D:\MavenRepository\org\slf4j\jul-to-slf4j\1.7.26\jul-to-slf4j-1.7.26.jar;D:\MavenRepository\javax\annotation\javax.annotation-api\1.3.2\javax.annotation-api-1.3.2.jar;D:\MavenRepository\org\springframework\spring-core\5.0.13.RELEASE\spring-core-5.0.13.RELEASE.jar;D:\MavenRepository\org\springframework\spring-jcl\5.0.13.RELEASE\spring-jcl-5.0.13.RELEASE.jar;D:\MavenRepository\org\yaml\snakeyaml\1.19\snakeyaml-1.19.jar;D:\MavenRepository\org\springframework\boot\spring-boot-starter-web\2.0.9.RELEASE\spring-boot-starter-web-2.0.9.RELEASE.jar;D:\MavenRepository\org\springframework\boot\spring-boot-starter-json\2.0.9.RELEASE\spring-boot-starter-json-2.0.9.RELEASE.jar;D:\MavenRepository\com\fasterxml\jackson\core\jackson-databind\2.9.8\jackson-databind-2.9.8.jar;D:\MavenRepository\com\fasterxml\jackson\core\jackson-annotations\2.9.0\jackson-annotations-2.9.0.jar;D:\MavenRepository\com\fasterxml\jackson\core\jackson-core\2.9.8\jackson-core-2.9.8.jar;D:\MavenRepository\com\fasterxml\jackson\datatype\jackson-datatype-jdk8\2.9.8\jackson-datatype-jdk8-2.9.8.jar;D:\MavenRepository\com\fasterxml\jackson\datatype\jackson-datatype-jsr310\2.9.8\jackson-datatype-jsr310-2.9.8.jar;D:\MavenRepository\com\fasterxml\jackson\module\jackson-module-parameter-names\2.9.8\jackson-module-parameter-names-2.9.8.jar;D:\MavenRepository\org\springframework\boot\spring-boot-starter-tomcat\2.0.9.RELEASE\spring-boot-starter-tomcat-2.0.9.RELEASE.jar;D:\MavenRepository\org\apache\tomcat\embed\tomcat-embed-core\8.5.39\tomcat-embed-core-8.5.39.jar;D:\MavenRepository\org\apache\tomcat\embed\tomcat-embed-el\8.5.39\tomcat-embed-el-8.5.39.jar;D:\MavenRepository\org\apache\tomcat\embed\tomcat-embed-websocket\8.5.39\tomcat-embed-websocket-8.5.39.jar;D:\MavenRepository\org\hibernate\validator\hibernate-validator\6.0.16.Final\hibernate-validator-6.0.16.Final.jar;D:\MavenRepository\javax\validation\validation-api\2.0.1.Final\validation-api-2.0.1.Final.jar;D:\MavenRepository\org\jboss\logging\jboss-logging\3.3.2.Final\jboss-logging-3.3.2.Final.jar;D:\MavenRepository\com\fasterxml\classmate\1.3.4\classmate-1.3.4.jar;D:\MavenRepository\org\springframework\spring-web\5.0.13.RELEASE\spring-web-5.0.13.RELEASE.jar;D:\MavenRepository\org\springframework\spring-beans\5.0.13.RELEASE\spring-beans-5.0.13.RELEASE.jar;D:\MavenRepository\org\springframework\spring-webmvc\5.0.13.RELEASE\spring-webmvc-5.0.13.RELEASE.jar;D:\MavenRepository\org\springframework\spring-aop\5.0.13.RELEASE\spring-aop-5.0.13.RELEASE.jar;D:\MavenRepository\org\springframework\spring-expression\5.0.13.RELEASE\spring-expression-5.0.13.RELEASE.jar;D:\MavenRepository\org\springframework\boot\spring-boot-starter-test\2.0.9.RELEASE\spring-boot-starter-test-2.0.9.RELEASE.jar;D:\MavenRepository\org\springframework\boot\spring-boot-test\2.0.9.RELEASE\spring-boot-test-2.0.9.RELEASE.jar;D:\MavenRepository\org\springframework\boot\spring-boot-test-autoconfigure\2.0.9.RELEASE\spring-boot-test-autoconfigure-2.0.9.RELEASE.jar;D:\MavenRepository\com\jayway\jsonpath\json-path\2.4.0\json-path-2.4.0.jar;D:\MavenRepository\net\minidev\json-smart\2.3\json-smart-2.3.jar;D:\MavenRepository\net\minidev\accessors-smart\1.2\accessors-smart-1.2.jar;D:\MavenRepository\org\ow2\asm\asm\5.0.4\asm-5.0.4.jar;D:\MavenRepository\org\slf4j\slf4j-api\1.7.26\slf4j-api-1.7.26.jar;D:\MavenRepository\junit\junit\4.12\junit-4.12.jar;D:\MavenRepository\org\assertj\assertj-core\3.9.1\assertj-core-3.9.1.jar;D:\MavenRepository\org\mockito\mockito-core\2.15.0\mockito-core-2.15.0.jar;D:\MavenRepository\net\bytebuddy\byte-buddy\1.7.11\byte-buddy-1.7.11.jar;D:\MavenRepository\net\bytebuddy\byte-buddy-agent\1.7.11\byte-buddy-agent-1.7.11.jar;D:\MavenRepository\org\objenesis\objenesis\2.6\objenesis-2.6.jar;D:\MavenRepository\org\hamcrest\hamcrest-core\1.3\hamcrest-core-1.3.jar;D:\MavenRepository\org\hamcrest\hamcrest-library\1.3\hamcrest-library-1.3.jar;D:\MavenRepository\org\skyscreamer\jsonassert\1.5.0\jsonassert-1.5.0.jar;D:\MavenRepository\com\vaadin\external\google\android-json\0.0.20131108.vaadin1\android-json-0.0.20131108.vaadin1.jar;D:\MavenRepository\org\springframework\spring-test\5.0.13.RELEASE\spring-test-5.0.13.RELEASE.jar;D:\MavenRepository\org\xmlunit\xmlunit-core\2.5.1\xmlunit-core-2.5.1.jar;D:\MavenRepository\org\projectlombok\lombok\1.18.12\lombok-1.18.12.jar;D:\MavenRepository\org\springframework\boot\spring-boot-autoconfigure-processor\2.0.9.RELEASE\spring-boot-autoconfigure-processor-2.0.9.RELEASE.jar;"/>
    <property name="sun.cpu.endian" value="little"/>
    <property name="user.home" value="C:\Users\root"/>
    <property name="user.language" value="zh"/>
    <property name="java.specification.vendor" value="Oracle Corporation"/>
    <property name="java.home" value="C:\Program Files\Java\jdk1.8.0_101\jre"/>
    <property name="basedir" value="D:\Workspaces\geekbang\JAVA-000\Week_05\demo"/>
    <property name="file.separator" value="\"/>
    <property name="line.separator" value="&#10;"/>
    <property name="java.vm.specification.vendor" value="Oracle Corporation"/>
    <property name="java.specification.name" value="Java Platform API Specification"/>
    <property name="java.awt.graphicsenv" value="sun.awt.Win32GraphicsEnvironment"/>
    <property name="surefire.real.class.path" value="C:\Users\root\AppData\Local\Temp\surefire7635919336742590640\surefirebooter1591974262161787374.jar"/>
    <property name="sun.boot.class.path" value="C:\Program Files\Java\jdk1.8.0_101\jre\lib\resources.jar;C:\Program Files\Java\jdk1.8.0_101\jre\lib\rt.jar;C:\Program Files\Java\jdk1.8.0_101\jre\lib\sunrsasign.jar;C:\Program Files\Java\jdk1.8.0_101\jre\lib\jsse.jar;C:\Program Files\Java\jdk1.8.0_101\jre\lib\jce.jar;C:\Program Files\Java\jdk1.8.0_101\jre\lib\charsets.jar;C:\Program Files\Java\jdk1.8.0_101\jre\lib\jfr.jar;C:\Program Files\Java\jdk1.8.0_101\jre\classes"/>
    <property name="user.script" value=""/>
    <property name="sun.management.compiler" value="HotSpot 64-Bit Tiered Compilers"/>
    <property name="java.runtime.version" value="1.8.0_101-b13"/>
    <property name="user.name" value="root"/>
    <property name="path.separator" value=";"/>
    <property name="os.version" value="10.0"/>
    <property name="java.endorsed.dirs" value="C:\Program Files\Java\jdk1.8.0_101\jre\lib\endorsed"/>
    <property name="java.runtime.name" value="Java(TM) SE Runtime Environment"/>
    <property name="file.encoding" value="GBK"/>
    <property name="java.vm.name" value="Java HotSpot(TM) 64-Bit Server VM"/>
    <property name="idea.version2020.1" value="true"/>
    <property name="localRepository" value="D:\MavenRepository"/>
    <property name="java.vendor.url.bug" value="http://bugreport.sun.com/bugreport/"/>
    <property name="java.io.tmpdir" value="C:\Users\root\AppData\Local\Temp\"/>
    <property name="java.version" value="1.8.0_101"/>
    <property name="user.dir" value="D:\Workspaces\geekbang\JAVA-000\Week_05\demo"/>
    <property name="os.arch" value="amd64"/>
    <property name="java.vm.specification.name" value="Java Virtual Machine Specification"/>
    <property name="java.awt.printerjob" value="sun.awt.windows.WPrinterJob"/>
    <property name="sun.os.patch.level" value=""/>
    <property name="java.library.path" value="C:\Program Files\Java\jdk1.8.0_101\jre\bin;C:\WINDOWS\Sun\Java\bin;C:\WINDOWS\system32;C:\WINDOWS;C:\Program Files\Java\jdk1.8.0_101\bin;C:\ProgramData\Oracle\Java\javapath;C:\Program Files (x86)\Intel\iCLS Client\;C:\Program Files\Intel\iCLS Client\;C:\Windows\system32;C:\Windows;C:\Windows\System32\Wbem;C:\Windows\System32\WindowsPowerShell\v1.0\;C:\Program Files (x86)\Intel\Intel(R) Management Engine Components\DAL;C:\Program Files\Intel\Intel(R) Management Engine Components\DAL;C:\Program Files (x86)\Intel\Intel(R) Management Engine Components\IPT;C:\Program Files\Intel\Intel(R) Management Engine Components\IPT;C:\Program Files (x86)\NVIDIA Corporation\PhysX\Common;C:\WINDOWS\system32;C:\WINDOWS;C:\WINDOWS\System32\Wbem;C:\WINDOWS\System32\WindowsPowerShell\v1.0\;C:\WINDOWS\System32\OpenSSH\;C:\Program Files\TortoiseSVN\bin;C:\Program Files\Git\cmd;C:\Program Files\MySQL\MySQL Utilities 1.6\;C:\Program Files\Intel\WiFi\bin\;C:\Program Files\Common Files\Intel\WirelessCommon\;C:\Program Files\apache-ant-1.9.15\bin;C:\Go\bin;C:\ProgramData\chocolatey\bin;C:\Users\root\AppData\Local\Programs\Python\Python36\Scripts\;C:\Users\root\AppData\Local\Programs\Python\Python36\;C:\Users\root\AppData\Local\Microsoft\WindowsApps;C:\Program Files\Java\jdk1.8.0_101\bin;C:\Program Files\Java\jdk1.8.0_101\jre\bin;C:\Users\root\go\bin;."/>
    <property name="java.vm.info" value="mixed mode"/>
    <property name="java.vendor" value="Oracle Corporation"/>
    <property name="java.vm.version" value="25.101-b13"/>
    <property name="java.ext.dirs" value="C:\Program Files\Java\jdk1.8.0_101\jre\lib\ext;C:\WINDOWS\Sun\Java\lib\ext"/>
    <property name="sun.io.unicode.encoding" value="UnicodeLittle"/>
    <property name="java.class.version" value="52.0"/>
  </properties>
  <testcase name="test" classname="com.ab.ApplicationTest" time="0.09"/>
</testsuite>